E:\DEV\LEEGRASS\BUILD\VS\RELEASE\MAIN.OBJ
E:\DEV\LEEGRASS\BUILD\VS\RELEASE\CSYSTEM.OBJ
E:\DEV\LEEGRASS\BUILD\VS\RELEASE\CAPP.OBJ
E:\DEV\LEEGRASS\BUILD\VS\RELEASE\CSKYPLANE.OBJ
E:\DEV\LEEGRASS\BUILD\VS\RELEASE\CSKYDOMESHADER.OBJ
E:\DEV\LEEGRASS\BUILD\VS\RELEASE\CSKYDOME.OBJ
E:\DEV\LEEGRASS\BUILD\VS\RELEASE\CPOSITION.OBJ
E:\DEV\LEEGRASS\BUILD\VS\RELEASE\CPERLINNOISE.OBJ
E:\DEV\LEEGRASS\BUILD\VS\RELEASE\CQUADTREESHADER.OBJ
E:\DEV\LEEGRASS\BUILD\VS\RELEASE\CQUADTREE.OBJ
E:\DEV\LEEGRASS\BUILD\VS\RELEASE\CLIGHT.OBJ
E:\DEV\LEEGRASS\BUILD\VS\RELEASE\CINPUT.OBJ
E:\DEV\LEEGRASS\BUILD\VS\RELEASE\CGRASSSHADER.OBJ
E:\DEV\LEEGRASS\BUILD\VS\RELEASE\CGRASS.OBJ
E:\DEV\LEEGRASS\BUILD\VS\RELEASE\CFRUSTUM.OBJ
E:\DEV\LEEGRASS\BUILD\VS\RELEASE\CFPS.OBJ
E:\DEV\LEEGRASS\BUILD\VS\RELEASE\CFONTSHADER.OBJ
E:\DEV\LEEGRASS\BUILD\VS\RELEASE\CFONT.OBJ
E:\DEV\LEEGRASS\BUILD\VS\RELEASE\CDIRECT3DSYSTEM.OBJ
E:\DEV\LEEGRASS\BUILD\VS\RELEASE\CCPU.OBJ
E:\DEV\LEEGRASS\BUILD\VS\RELEASE\CCAMERA.OBJ
E:\DEV\LEEGRASS\BUILD\VS\RELEASE\CTIMER.OBJ
E:\DEV\LEEGRASS\BUILD\VS\RELEASE\CTEXTURE.OBJ
E:\DEV\LEEGRASS\BUILD\VS\RELEASE\CTEXT.OBJ
E:\DEV\LEEGRASS\BUILD\VS\RELEASE\CTERRAINSHADER.OBJ
E:\DEV\LEEGRASS\BUILD\VS\RELEASE\CTERRAIN.OBJ
E:\DEV\LEEGRASS\BUILD\VS\RELEASE\CSKYPLANESHADER.OBJ
E:\DEV\LEEGRASS\BUILD\VS\RELEASE\VC110.PDB
E:\DEV\LEEGRASS\BUILD\VS\RELEASE\LEEGRASS.EXE
E:\DEV\LEEGRASS\BUILD\VS\RELEASE\LEEGRASS.PDB
E:\dev\LeeGrass\build\vs\Release\CApp.obj
E:\dev\LeeGrass\build\vs\Release\CCamera.obj
E:\dev\LeeGrass\build\vs\Release\CCPU.obj
E:\dev\LeeGrass\build\vs\Release\CDirect3DSystem.obj
E:\dev\LeeGrass\build\vs\Release\CFont.obj
E:\dev\LeeGrass\build\vs\Release\CFontShader.obj
E:\dev\LeeGrass\build\vs\Release\CFPS.obj
E:\dev\LeeGrass\build\vs\Release\CFrustum.obj
E:\dev\LeeGrass\build\vs\Release\CGrass.obj
E:\dev\LeeGrass\build\vs\Release\CGrassShader.obj
E:\dev\LeeGrass\build\vs\Release\CInput.obj
E:\dev\LeeGrass\build\vs\Release\CLight.obj
E:\dev\LeeGrass\build\vs\Release\CPerlinNoise.obj
E:\dev\LeeGrass\build\vs\Release\CPosition.obj
E:\dev\LeeGrass\build\vs\Release\CQuadTree.obj
E:\dev\LeeGrass\build\vs\Release\CQuadTreeShader.obj
E:\dev\LeeGrass\build\vs\Release\CSkydome.obj
E:\dev\LeeGrass\build\vs\Release\CSkydomeShader.obj
E:\dev\LeeGrass\build\vs\Release\CSkyplane.obj
E:\dev\LeeGrass\build\vs\Release\CSkyplaneShader.obj
E:\dev\LeeGrass\build\vs\Release\CSystem.obj
E:\dev\LeeGrass\build\vs\Release\CTerrain.obj
E:\dev\LeeGrass\build\vs\Release\CTerrainShader.obj
E:\dev\LeeGrass\build\vs\Release\CText.obj
E:\dev\LeeGrass\build\vs\Release\CTexture.obj
E:\dev\LeeGrass\build\vs\Release\CTimer.obj
E:\dev\LeeGrass\build\vs\Release\main.obj
E:\dev\LeeGrass\build\vs\Release\cl.command.1.tlog
E:\dev\LeeGrass\build\vs\Release\CL.read.1.tlog
E:\dev\LeeGrass\build\vs\Release\CL.write.1.tlog
E:\dev\LeeGrass\build\vs\Release\link-cvtres.read.1.tlog
E:\dev\LeeGrass\build\vs\Release\link-cvtres.write.1.tlog
E:\dev\LeeGrass\build\vs\Release\link-rc.read.1.tlog
E:\dev\LeeGrass\build\vs\Release\link-rc.write.1.tlog
E:\dev\LeeGrass\build\vs\Release\link.command.1.tlog
E:\dev\LeeGrass\build\vs\Release\link.read.1.tlog
E:\dev\LeeGrass\build\vs\Release\link.write.1.tlog
E:\dev\LeeGrass\build\vs\Release\LeeGrass.pdb
E:\dev\LeeGrass\build\vs\Release\vc110.pdb
E:\dev\LeeGrass\build\vs\Release\LeeGrass.exe
