Build started 12/20/2012 8:58:37 PM.
     1>Project "E:\dev\LeeGrass\build\vs\TerrainTutorial12.vcxproj" on node 2 (Build target(s)).
     1>InitializeBuildStatus:
         Creating "Release\LeeGrass.unsuccessfulbuild" because "AlwaysCreate" was specified.
       ClCompile:
         e:\Program Files (x86)\Microsoft Visual Studio 11.0\VC\bin\CL.exe /c /I"E:\Program Files (x86)\Microsoft DirectX SDK (June 2010)\Samples\C++\Effects11\Inc" /I"E:\Program Files (x86)\Microsoft DirectX SDK (June 2010)\Include" /IE:\dev\LeeGrass\source /Zi /nologo /W3 /WX- /O2 /Oi /Oy- /GL /D _MBCS /Gm- /EHsc /MD /GS /Gy /fp:precise /Zc:wchar_t /Zc:forScope /Fo"Release\\" /Fd"Release\vc110.pdb" /Gd /TP /analyze- /errorReport:prompt ..\..\source\CQuadTree.cpp
         CQuadTree.cpp
     1>e:\program files (x86)\microsoft directx sdk (june 2010)\include\dxgitype.h(12): warning C4005: 'DXGI_STATUS_OCCLUDED' : macro redefinition
                 e:\Program Files (x86)\Windows Kits\8.0\Include\shared\winerror.h(49449) : see previous definition of 'DXGI_STATUS_OCCLUDED'
     1>e:\program files (x86)\microsoft directx sdk (june 2010)\include\dxgitype.h(13): warning C4005: 'DXGI_STATUS_CLIPPED' : macro redefinition
                 e:\Program Files (x86)\Windows Kits\8.0\Include\shared\winerror.h(49458) : see previous definition of 'DXGI_STATUS_CLIPPED'
     1>e:\program files (x86)\microsoft directx sdk (june 2010)\include\dxgitype.h(14): warning C4005: 'DXGI_STATUS_NO_REDIRECTION' : macro redefinition
                 e:\Program Files (x86)\Windows Kits\8.0\Include\shared\winerror.h(49467) : see previous definition of 'DXGI_STATUS_NO_REDIRECTION'
     1>e:\program files (x86)\microsoft directx sdk (june 2010)\include\dxgitype.h(15): warning C4005: 'DXGI_STATUS_NO_DESKTOP_ACCESS' : macro redefinition
                 e:\Program Files (x86)\Windows Kits\8.0\Include\shared\winerror.h(49476) : see previous definition of 'DXGI_STATUS_NO_DESKTOP_ACCESS'
     1>e:\program files (x86)\microsoft directx sdk (june 2010)\include\dxgitype.h(16): warning C4005: 'DXGI_STATUS_GRAPHICS_VIDPN_SOURCE_IN_USE' : macro redefinition
                 e:\Program Files (x86)\Windows Kits\8.0\Include\shared\winerror.h(49485) : see previous definition of 'DXGI_STATUS_GRAPHICS_VIDPN_SOURCE_IN_USE'
     1>e:\program files (x86)\microsoft directx sdk (june 2010)\include\dxgitype.h(17): warning C4005: 'DXGI_STATUS_MODE_CHANGED' : macro redefinition
                 e:\Program Files (x86)\Windows Kits\8.0\Include\shared\winerror.h(49494) : see previous definition of 'DXGI_STATUS_MODE_CHANGED'
     1>e:\program files (x86)\microsoft directx sdk (june 2010)\include\dxgitype.h(18): warning C4005: 'DXGI_STATUS_MODE_CHANGE_IN_PROGRESS' : macro redefinition
                 e:\Program Files (x86)\Windows Kits\8.0\Include\shared\winerror.h(49503) : see previous definition of 'DXGI_STATUS_MODE_CHANGE_IN_PROGRESS'
     1>e:\program files (x86)\microsoft directx sdk (june 2010)\include\dxgitype.h(21): warning C4005: 'DXGI_ERROR_INVALID_CALL' : macro redefinition
                 e:\Program Files (x86)\Windows Kits\8.0\Include\shared\winerror.h(49518) : see previous definition of 'DXGI_ERROR_INVALID_CALL'
     1>e:\program files (x86)\microsoft directx sdk (june 2010)\include\dxgitype.h(22): warning C4005: 'DXGI_ERROR_NOT_FOUND' : macro redefinition
                 e:\Program Files (x86)\Windows Kits\8.0\Include\shared\winerror.h(49527) : see previous definition of 'DXGI_ERROR_NOT_FOUND'
     1>e:\program files (x86)\microsoft directx sdk (june 2010)\include\dxgitype.h(23): warning C4005: 'DXGI_ERROR_MORE_DATA' : macro redefinition
                 e:\Program Files (x86)\Windows Kits\8.0\Include\shared\winerror.h(49536) : see previous definition of 'DXGI_ERROR_MORE_DATA'
     1>e:\program files (x86)\microsoft directx sdk (june 2010)\include\dxgitype.h(24): warning C4005: 'DXGI_ERROR_UNSUPPORTED' : macro redefinition
                 e:\Program Files (x86)\Windows Kits\8.0\Include\shared\winerror.h(49545) : see previous definition of 'DXGI_ERROR_UNSUPPORTED'
     1>e:\program files (x86)\microsoft directx sdk (june 2010)\include\dxgitype.h(25): warning C4005: 'DXGI_ERROR_DEVICE_REMOVED' : macro redefinition
                 e:\Program Files (x86)\Windows Kits\8.0\Include\shared\winerror.h(49554) : see previous definition of 'DXGI_ERROR_DEVICE_REMOVED'
     1>e:\program files (x86)\microsoft directx sdk (june 2010)\include\dxgitype.h(26): warning C4005: 'DXGI_ERROR_DEVICE_HUNG' : macro redefinition
                 e:\Program Files (x86)\Windows Kits\8.0\Include\shared\winerror.h(49563) : see previous definition of 'DXGI_ERROR_DEVICE_HUNG'
     1>e:\program files (x86)\microsoft directx sdk (june 2010)\include\dxgitype.h(27): warning C4005: 'DXGI_ERROR_DEVICE_RESET' : macro redefinition
                 e:\Program Files (x86)\Windows Kits\8.0\Include\shared\winerror.h(49573) : see previous definition of 'DXGI_ERROR_DEVICE_RESET'
     1>e:\program files (x86)\microsoft directx sdk (june 2010)\include\dxgitype.h(28): warning C4005: 'DXGI_ERROR_WAS_STILL_DRAWING' : macro redefinition
                 e:\Program Files (x86)\Windows Kits\8.0\Include\shared\winerror.h(49582) : see previous definition of 'DXGI_ERROR_WAS_STILL_DRAWING'
     1>e:\program files (x86)\microsoft directx sdk (june 2010)\include\dxgitype.h(29): warning C4005: 'DXGI_ERROR_FRAME_STATISTICS_DISJOINT' : macro redefinition
                 e:\Program Files (x86)\Windows Kits\8.0\Include\shared\winerror.h(49592) : see previous definition of 'DXGI_ERROR_FRAME_STATISTICS_DISJOINT'
     1>e:\program files (x86)\microsoft directx sdk (june 2010)\include\dxgitype.h(30): warning C4005: 'DXGI_ERROR_GRAPHICS_VIDPN_SOURCE_IN_USE' : macro redefinition
                 e:\Program Files (x86)\Windows Kits\8.0\Include\shared\winerror.h(49601) : see previous definition of 'DXGI_ERROR_GRAPHICS_VIDPN_SOURCE_IN_USE'
     1>e:\program files (x86)\microsoft directx sdk (june 2010)\include\dxgitype.h(31): warning C4005: 'DXGI_ERROR_DRIVER_INTERNAL_ERROR' : macro redefinition
                 e:\Program Files (x86)\Windows Kits\8.0\Include\shared\winerror.h(49611) : see previous definition of 'DXGI_ERROR_DRIVER_INTERNAL_ERROR'
     1>e:\program files (x86)\microsoft directx sdk (june 2010)\include\dxgitype.h(32): warning C4005: 'DXGI_ERROR_NONEXCLUSIVE' : macro redefinition
                 e:\Program Files (x86)\Windows Kits\8.0\Include\shared\winerror.h(49620) : see previous definition of 'DXGI_ERROR_NONEXCLUSIVE'
     1>e:\program files (x86)\microsoft directx sdk (june 2010)\include\dxgitype.h(33): warning C4005: 'DXGI_ERROR_NOT_CURRENTLY_AVAILABLE' : macro redefinition
                 e:\Program Files (x86)\Windows Kits\8.0\Include\shared\winerror.h(49629) : see previous definition of 'DXGI_ERROR_NOT_CURRENTLY_AVAILABLE'
     1>e:\program files (x86)\microsoft directx sdk (june 2010)\include\dxgitype.h(34): warning C4005: 'DXGI_ERROR_REMOTE_CLIENT_DISCONNECTED' : macro redefinition
                 e:\Program Files (x86)\Windows Kits\8.0\Include\shared\winerror.h(49639) : see previous definition of 'DXGI_ERROR_REMOTE_CLIENT_DISCONNECTED'
     1>e:\program files (x86)\microsoft directx sdk (june 2010)\include\dxgitype.h(35): warning C4005: 'DXGI_ERROR_REMOTE_OUTOFMEMORY' : macro redefinition
                 e:\Program Files (x86)\Windows Kits\8.0\Include\shared\winerror.h(49648) : see previous definition of 'DXGI_ERROR_REMOTE_OUTOFMEMORY'
     1>E:\Program Files (x86)\Microsoft DirectX SDK (June 2010)\Include\d3d11.h(917): warning C4005: 'D3D11_ERROR_TOO_MANY_UNIQUE_STATE_OBJECTS' : macro redefinition
                 e:\Program Files (x86)\Windows Kits\8.0\Include\shared\winerror.h(49817) : see previous definition of 'D3D11_ERROR_TOO_MANY_UNIQUE_STATE_OBJECTS'
     1>E:\Program Files (x86)\Microsoft DirectX SDK (June 2010)\Include\d3d11.h(918): warning C4005: 'D3D11_ERROR_FILE_NOT_FOUND' : macro redefinition
                 e:\Program Files (x86)\Windows Kits\8.0\Include\shared\winerror.h(49826) : see previous definition of 'D3D11_ERROR_FILE_NOT_FOUND'
     1>E:\Program Files (x86)\Microsoft DirectX SDK (June 2010)\Include\d3d11.h(919): warning C4005: 'D3D11_ERROR_TOO_MANY_UNIQUE_VIEW_OBJECTS' : macro redefinition
                 e:\Program Files (x86)\Windows Kits\8.0\Include\shared\winerror.h(49836) : see previous definition of 'D3D11_ERROR_TOO_MANY_UNIQUE_VIEW_OBJECTS'
     1>E:\Program Files (x86)\Microsoft DirectX SDK (June 2010)\Include\d3d11.h(920): warning C4005: 'D3D11_ERROR_DEFERRED_CONTEXT_MAP_WITHOUT_INITIAL_DISCARD' : macro redefinition
                 e:\Program Files (x86)\Windows Kits\8.0\Include\shared\winerror.h(49845) : see previous definition of 'D3D11_ERROR_DEFERRED_CONTEXT_MAP_WITHOUT_INITIAL_DISCARD'
     1>e:\program files (x86)\microsoft directx sdk (june 2010)\include\d3d10.h(608): warning C4005: 'D3D10_ERROR_TOO_MANY_UNIQUE_STATE_OBJECTS' : macro redefinition
                 e:\Program Files (x86)\Windows Kits\8.0\Include\shared\winerror.h(49793) : see previous definition of 'D3D10_ERROR_TOO_MANY_UNIQUE_STATE_OBJECTS'
     1>e:\program files (x86)\microsoft directx sdk (june 2010)\include\d3d10.h(609): warning C4005: 'D3D10_ERROR_FILE_NOT_FOUND' : macro redefinition
                 e:\Program Files (x86)\Windows Kits\8.0\Include\shared\winerror.h(49802) : see previous definition of 'D3D10_ERROR_FILE_NOT_FOUND'
     1>..\..\source\CQuadTree.cpp(173): warning C4101: 'result' : unreferenced local variable
     1>..\..\source\CQuadTree.cpp(278): warning C4244: 'argument' : conversion from 'int' to 'FLOAT', possible loss of data
     1>..\..\source\CQuadTree.cpp(278): warning C4244: 'argument' : conversion from 'double' to 'FLOAT', possible loss of data
     1>..\..\source\CQuadTree.cpp(287): warning C4244: 'argument' : conversion from 'int' to 'FLOAT', possible loss of data
     1>..\..\source\CQuadTree.cpp(287): warning C4244: 'argument' : conversion from 'double' to 'FLOAT', possible loss of data
     1>..\..\source\CQuadTree.cpp(296): warning C4244: 'argument' : conversion from 'double' to 'FLOAT', possible loss of data
     1>..\..\source\CQuadTree.cpp(307): warning C4244: 'argument' : conversion from 'double' to 'FLOAT', possible loss of data
     1>..\..\source\CQuadTree.cpp(315): warning C4244: 'argument' : conversion from 'int' to 'FLOAT', possible loss of data
     1>..\..\source\CQuadTree.cpp(315): warning C4244: 'argument' : conversion from 'double' to 'FLOAT', possible loss of data
     1>..\..\source\CQuadTree.cpp(323): warning C4244: 'argument' : conversion from 'double' to 'FLOAT', possible loss of data
     1>..\..\source\CQuadTree.cpp(323): warning C4244: 'argument' : conversion from 'int' to 'FLOAT', possible loss of data
     1>..\..\source\CQuadTree.cpp(336): warning C4244: 'argument' : conversion from 'int' to 'FLOAT', possible loss of data
     1>..\..\source\CQuadTree.cpp(336): warning C4244: 'argument' : conversion from 'double' to 'FLOAT', possible loss of data
     1>..\..\source\CQuadTree.cpp(345): warning C4244: 'argument' : conversion from 'int' to 'FLOAT', possible loss of data
     1>..\..\source\CQuadTree.cpp(345): warning C4244: 'argument' : conversion from 'double' to 'FLOAT', possible loss of data
     1>..\..\source\CQuadTree.cpp(354): warning C4244: 'argument' : conversion from 'double' to 'FLOAT', possible loss of data
     1>..\..\source\CQuadTree.cpp(354): warning C4244: 'argument' : conversion from 'int' to 'FLOAT', possible loss of data
     1>..\..\source\CQuadTree.cpp(365): warning C4244: 'argument' : conversion from 'double' to 'FLOAT', possible loss of data
     1>..\..\source\CQuadTree.cpp(365): warning C4244: 'argument' : conversion from 'int' to 'FLOAT', possible loss of data
     1>..\..\source\CQuadTree.cpp(373): warning C4244: 'argument' : conversion from 'int' to 'FLOAT', possible loss of data
     1>..\..\source\CQuadTree.cpp(373): warning C4244: 'argument' : conversion from 'double' to 'FLOAT', possible loss of data
     1>..\..\source\CQuadTree.cpp(381): warning C4244: 'argument' : conversion from 'double' to 'FLOAT', possible loss of data
     1>..\..\source\CQuadTree.cpp(394): warning C4244: 'argument' : conversion from 'double' to 'FLOAT', possible loss of data
     1>..\..\source\CQuadTree.cpp(394): warning C4244: 'argument' : conversion from 'int' to 'FLOAT', possible loss of data
     1>..\..\source\CQuadTree.cpp(403): warning C4244: 'argument' : conversion from 'double' to 'FLOAT', possible loss of data
     1>..\..\source\CQuadTree.cpp(412): warning C4244: 'argument' : conversion from 'int' to 'FLOAT', possible loss of data
     1>..\..\source\CQuadTree.cpp(412): warning C4244: 'argument' : conversion from 'double' to 'FLOAT', possible loss of data
     1>..\..\source\CQuadTree.cpp(423): warning C4244: 'argument' : conversion from 'int' to 'FLOAT', possible loss of data
     1>..\..\source\CQuadTree.cpp(423): warning C4244: 'argument' : conversion from 'double' to 'FLOAT', possible loss of data
     1>..\..\source\CQuadTree.cpp(431): warning C4244: 'argument' : conversion from 'double' to 'FLOAT', possible loss of data
     1>..\..\source\CQuadTree.cpp(439): warning C4244: 'argument' : conversion from 'int' to 'FLOAT', possible loss of data
     1>..\..\source\CQuadTree.cpp(439): warning C4244: 'argument' : conversion from 'double' to 'FLOAT', possible loss of data
     1>..\..\source\CQuadTree.cpp(452): warning C4244: 'argument' : conversion from 'double' to 'FLOAT', possible loss of data
     1>..\..\source\CQuadTree.cpp(461): warning C4244: 'argument' : conversion from 'double' to 'FLOAT', possible loss of data
     1>..\..\source\CQuadTree.cpp(461): warning C4244: 'argument' : conversion from 'int' to 'FLOAT', possible loss of data
     1>..\..\source\CQuadTree.cpp(470): warning C4244: 'argument' : conversion from 'int' to 'FLOAT', possible loss of data
     1>..\..\source\CQuadTree.cpp(470): warning C4244: 'argument' : conversion from 'double' to 'FLOAT', possible loss of data
     1>..\..\source\CQuadTree.cpp(481): warning C4244: 'argument' : conversion from 'int' to 'FLOAT', possible loss of data
     1>..\..\source\CQuadTree.cpp(481): warning C4244: 'argument' : conversion from 'double' to 'FLOAT', possible loss of data
     1>..\..\source\CQuadTree.cpp(489): warning C4244: 'argument' : conversion from 'double' to 'FLOAT', possible loss of data
     1>..\..\source\CQuadTree.cpp(489): warning C4244: 'argument' : conversion from 'int' to 'FLOAT', possible loss of data
     1>..\..\source\CQuadTree.cpp(497): warning C4244: 'argument' : conversion from 'int' to 'FLOAT', possible loss of data
     1>..\..\source\CQuadTree.cpp(497): warning C4244: 'argument' : conversion from 'double' to 'FLOAT', possible loss of data
     1>..\..\source\CQuadTree.cpp(245): warning C4101: 'count' : unreferenced local variable
     1>..\..\source\CQuadTree.cpp(246): warning C4101: 'offsetZ' : unreferenced local variable
     1>..\..\source\CQuadTree.cpp(245): warning C4101: 'i' : unreferenced local variable
     1>..\..\source\CQuadTree.cpp(245): warning C4101: 'numTriangles' : unreferenced local variable
     1>..\..\source\CQuadTree.cpp(245): warning C4101: 'vertexIndex' : unreferenced local variable
     1>..\..\source\CQuadTree.cpp(249): warning C4101: 'result' : unreferenced local variable
     1>..\..\source\CQuadTree.cpp(246): warning C4101: 'offsetX' : unreferenced local variable
     1>..\..\source\CQuadTree.cpp(584): warning C4244: 'argument' : conversion from 'float' to 'int', possible loss of data
     1>..\..\source\CQuadTree.cpp(554): warning C4101: 'indexBufferDesc' : unreferenced local variable
     1>..\..\source\CQuadTree.cpp(549): warning C4101: 'count' : unreferenced local variable
     1>..\..\source\CQuadTree.cpp(550): warning C4101: 'offsetZ' : unreferenced local variable
     1>..\..\source\CQuadTree.cpp(549): warning C4101: 'i' : unreferenced local variable
     1>..\..\source\CQuadTree.cpp(549): warning C4101: 'numTriangles' : unreferenced local variable
     1>..\..\source\CQuadTree.cpp(549): warning C4101: 'index' : unreferenced local variable
     1>..\..\source\CQuadTree.cpp(552): warning C4101: 'indices' : unreferenced local variable
     1>..\..\source\CQuadTree.cpp(555): warning C4101: 'indexData' : unreferenced local variable
     1>..\..\source\CQuadTree.cpp(549): warning C4101: 'vertexCount' : unreferenced local variable
     1>..\..\source\CQuadTree.cpp(549): warning C4101: 'vertexIndex' : unreferenced local variable
     1>..\..\source\CQuadTree.cpp(551): warning C4101: 'vertices' : unreferenced local variable
     1>..\..\source\CQuadTree.cpp(554): warning C4101: 'vertexBufferDesc' : unreferenced local variable
     1>..\..\source\CQuadTree.cpp(553): warning C4101: 'result' : unreferenced local variable
     1>..\..\source\CQuadTree.cpp(550): warning C4101: 'offsetX' : unreferenced local variable
     1>..\..\source\CQuadTree.cpp(555): warning C4101: 'vertexData' : unreferenced local variable
     1>..\..\source\CQuadTree.cpp(919): warning C4101: 'indexCount' : unreferenced local variable
     1>..\..\source\CQuadTree.cpp(920): warning C4101: 'offset' : unreferenced local variable
     1>..\..\source\CQuadTree.cpp(920): warning C4101: 'stride' : unreferenced local variable
     1>..\..\source\CQuadTree.cpp(982): warning C4244: 'initializing' : conversion from 'unsigned int' to 'float', possible loss of data
     1>..\..\source\CQuadTree.cpp(1013): warning C4244: '=' : conversion from 'unsigned int' to 'float', possible loss of data
     1>..\..\source\CQuadTree.cpp(1047): warning C4305: 'argument' : truncation from 'double' to 'FLOAT'
     1>..\..\source\CQuadTree.cpp(1227): warning C4244: 'return' : conversion from 'float' to 'int', possible loss of data
     1>..\..\source\CQuadTree.cpp(1275): warning C4244: 'return' : conversion from 'float' to 'int', possible loss of data
     1>..\..\source\CQuadTree.cpp(1323): warning C4244: 'return' : conversion from 'float' to 'int', possible loss of data
     1>..\..\source\CQuadTree.cpp(1371): warning C4244: 'return' : conversion from 'float' to 'int', possible loss of data
       Link:
         e:\Program Files (x86)\Microsoft Visual Studio 11.0\VC\bin\link.exe /ERRORREPORT:PROMPT /OUT:"E:\dev\LeeGrass\build\vs\Release\LeeGrass.exe" /NOLOGO /LIBPATH:"E:\Program Files (x86)\Microsoft DirectX SDK (June 2010)\Lib\x86" /LIBPATH:"E:\Program Files (x86)\Microsoft DirectX SDK (June 2010)\Samples\C++\Effects11\Release" kernel32.lib user32.lib gdi32.lib winspool.lib comdlg32.lib advapi32.lib shell32.lib ole32.lib oleaut32.lib uuid.lib odbc32.lib odbccp32.lib /MANIFEST /MANIFESTUAC:"level='asInvoker' uiAccess='false'" /manifest:embed /DEBUG /PDB:"E:\dev\LeeGrass\build\vs\Release\LeeGrass.pdb" /OPT:REF /OPT:ICF /LTCG /TLBID:1 /DYNAMICBASE /NXCOMPAT /IMPLIB:"E:\dev\LeeGrass\build\vs\Release\LeeGrass.lib" /MACHINE:X86 /SAFESEH Release\CApp.obj
         Release\CCamera.obj
         Release\CCPU.obj
         Release\CDirect3DSystem.obj
         Release\CFont.obj
         Release\CFontShader.obj
         Release\CFPS.obj
         Release\CFrustum.obj
         Release\CGrass.obj
         Release\CGrassShader.obj
         Release\CInput.obj
         Release\CLight.obj
         Release\CQuadTree.obj
         Release\CQuadTreeShader.obj
         Release\main.obj
         Release\CPerlinNoise.obj
         Release\CPosition.obj
         Release\CSkydome.obj
         Release\CSkydomeShader.obj
         Release\CSkyplane.obj
         Release\CSkyplaneShader.obj
         Release\CSystem.obj
         Release\CTerrain.obj
         Release\CTerrainShader.obj
         Release\CText.obj
         Release\CTexture.obj
         Release\CTimer.obj
         Generating code
         Finished generating code
         TerrainTutorial12.vcxproj -> E:\dev\LeeGrass\build\vs\Release\LeeGrass.exe
       FinalizeBuildStatus:
         Deleting file "Release\LeeGrass.unsuccessfulbuild".
         Touching "Release\LeeGrass.lastbuildstate".
     1>Done Building Project "E:\dev\LeeGrass\build\vs\TerrainTutorial12.vcxproj" (Build target(s)).

Build succeeded.

Time Elapsed 00:00:02.28
