E:\DEV\LEEGRASS\BUILD\VS\X64\RELEASE\CSKYPLANE.OBJ
E:\DEV\LEEGRASS\BUILD\VS\X64\RELEASE\CSKYDOMESHADER.OBJ
E:\DEV\LEEGRASS\BUILD\VS\X64\RELEASE\CSKYDOME.OBJ
E:\DEV\LEEGRASS\BUILD\VS\X64\RELEASE\CPOSITION.OBJ
E:\DEV\LEEGRASS\BUILD\VS\X64\RELEASE\CPERLINNOISE.OBJ
E:\DEV\LEEGRASS\BUILD\VS\X64\RELEASE\MAIN.OBJ
E:\DEV\LEEGRASS\BUILD\VS\X64\RELEASE\CQUADTREESHADER.OBJ
E:\DEV\LEEGRASS\BUILD\VS\X64\RELEASE\CQUADTREE.OBJ
E:\DEV\LEEGRASS\BUILD\VS\X64\RELEASE\CLIGHT.OBJ
E:\DEV\LEEGRASS\BUILD\VS\X64\RELEASE\CINPUT.OBJ
E:\DEV\LEEGRASS\BUILD\VS\X64\RELEASE\CGRASSSHADER.OBJ
E:\DEV\LEEGRASS\BUILD\VS\X64\RELEASE\CGRASS.OBJ
E:\DEV\LEEGRASS\BUILD\VS\X64\RELEASE\CFRUSTUM.OBJ
E:\DEV\LEEGRASS\BUILD\VS\X64\RELEASE\CFPS.OBJ
E:\DEV\LEEGRASS\BUILD\VS\X64\RELEASE\CFONTSHADER.OBJ
E:\DEV\LEEGRASS\BUILD\VS\X64\RELEASE\CFONT.OBJ
E:\DEV\LEEGRASS\BUILD\VS\X64\RELEASE\CDIRECT3DSYSTEM.OBJ
E:\DEV\LEEGRASS\BUILD\VS\X64\RELEASE\CCPU.OBJ
E:\DEV\LEEGRASS\BUILD\VS\X64\RELEASE\CCAMERA.OBJ
E:\DEV\LEEGRASS\BUILD\VS\X64\RELEASE\CAPP.OBJ
E:\DEV\LEEGRASS\BUILD\VS\X64\RELEASE\CTIMER.OBJ
E:\DEV\LEEGRASS\BUILD\VS\X64\RELEASE\CTEXTURE.OBJ
E:\DEV\LEEGRASS\BUILD\VS\X64\RELEASE\CTEXT.OBJ
E:\DEV\LEEGRASS\BUILD\VS\X64\RELEASE\CTERRAINSHADER.OBJ
E:\DEV\LEEGRASS\BUILD\VS\X64\RELEASE\CTERRAIN.OBJ
E:\DEV\LEEGRASS\BUILD\VS\X64\RELEASE\CSYSTEM.OBJ
E:\DEV\LEEGRASS\BUILD\VS\X64\RELEASE\CSKYPLANESHADER.OBJ
E:\DEV\LEEGRASS\BUILD\VS\X64\RELEASE\VC110.PDB
E:\DEV\LEEGRASS\BUILD\VS\X64\RELEASE\LEEGRASS.EXE
E:\DEV\LEEGRASS\BUILD\VS\X64\RELEASE\LEEGRASS.PDB
E:\dev\LeeGrass\build\vs\x64\Release\CApp.obj
E:\dev\LeeGrass\build\vs\x64\Release\CCamera.obj
E:\dev\LeeGrass\build\vs\x64\Release\CCPU.obj
E:\dev\LeeGrass\build\vs\x64\Release\CDirect3DSystem.obj
E:\dev\LeeGrass\build\vs\x64\Release\CFont.obj
E:\dev\LeeGrass\build\vs\x64\Release\CFontShader.obj
E:\dev\LeeGrass\build\vs\x64\Release\CFPS.obj
E:\dev\LeeGrass\build\vs\x64\Release\CFrustum.obj
E:\dev\LeeGrass\build\vs\x64\Release\CGrass.obj
E:\dev\LeeGrass\build\vs\x64\Release\CGrassShader.obj
E:\dev\LeeGrass\build\vs\x64\Release\CInput.obj
E:\dev\LeeGrass\build\vs\x64\Release\CLight.obj
E:\dev\LeeGrass\build\vs\x64\Release\CPerlinNoise.obj
E:\dev\LeeGrass\build\vs\x64\Release\CPosition.obj
E:\dev\LeeGrass\build\vs\x64\Release\CQuadTree.obj
E:\dev\LeeGrass\build\vs\x64\Release\CQuadTreeShader.obj
E:\dev\LeeGrass\build\vs\x64\Release\CSkydome.obj
E:\dev\LeeGrass\build\vs\x64\Release\CSkydomeShader.obj
E:\dev\LeeGrass\build\vs\x64\Release\CSkyplane.obj
E:\dev\LeeGrass\build\vs\x64\Release\CSkyplaneShader.obj
E:\dev\LeeGrass\build\vs\x64\Release\CSystem.obj
E:\dev\LeeGrass\build\vs\x64\Release\CTerrain.obj
E:\dev\LeeGrass\build\vs\x64\Release\CTerrainShader.obj
E:\dev\LeeGrass\build\vs\x64\Release\CText.obj
E:\dev\LeeGrass\build\vs\x64\Release\CTexture.obj
E:\dev\LeeGrass\build\vs\x64\Release\CTimer.obj
E:\dev\LeeGrass\build\vs\x64\Release\main.obj
E:\dev\LeeGrass\build\vs\x64\Release\cl.command.1.tlog
E:\dev\LeeGrass\build\vs\x64\Release\CL.read.1.tlog
E:\dev\LeeGrass\build\vs\x64\Release\CL.write.1.tlog
E:\dev\LeeGrass\build\vs\x64\Release\link-cvtres.read.1.tlog
E:\dev\LeeGrass\build\vs\x64\Release\link-cvtres.write.1.tlog
E:\dev\LeeGrass\build\vs\x64\Release\link-rc.read.1.tlog
E:\dev\LeeGrass\build\vs\x64\Release\link-rc.write.1.tlog
E:\dev\LeeGrass\build\vs\x64\Release\link.command.1.tlog
E:\dev\LeeGrass\build\vs\x64\Release\link.read.1.tlog
E:\dev\LeeGrass\build\vs\x64\Release\link.write.1.tlog
E:\dev\LeeGrass\build\vs\x64\Release\LeeGrass.pdb
E:\dev\LeeGrass\build\vs\x64\Release\vc110.pdb
E:\dev\LeeGrass\build\vs\x64\Release\LeeGrass.exe
