E:\DEV\LEEGRASS\BUILD\VS\DEBUG\CFPS.OBJ
E:\DEV\LEEGRASS\BUILD\VS\DEBUG\CFRUSTUM.OBJ
E:\DEV\LEEGRASS\BUILD\VS\DEBUG\CGRASS.OBJ
E:\DEV\LEEGRASS\BUILD\VS\DEBUG\CINPUT.OBJ
E:\DEV\LEEGRASS\BUILD\VS\DEBUG\CLIGHT.OBJ
E:\DEV\LEEGRASS\BUILD\VS\DEBUG\COCTTREE.OBJ
E:\DEV\LEEGRASS\BUILD\VS\DEBUG\MAIN.OBJ
E:\DEV\LEEGRASS\BUILD\VS\DEBUG\CPERLINNOISE.OBJ
E:\DEV\LEEGRASS\BUILD\VS\DEBUG\CPOSITION.OBJ
E:\DEV\LEEGRASS\BUILD\VS\DEBUG\CSKYDOME.OBJ
E:\DEV\LEEGRASS\BUILD\VS\DEBUG\CSKYDOMESHADER.OBJ
E:\DEV\LEEGRASS\BUILD\VS\DEBUG\CSKYPLANE.OBJ
E:\DEV\LEEGRASS\BUILD\VS\DEBUG\CSKYPLANESHADER.OBJ
E:\DEV\LEEGRASS\BUILD\VS\DEBUG\CSYSTEM.OBJ
E:\DEV\LEEGRASS\BUILD\VS\DEBUG\CTERRAIN.OBJ
E:\DEV\LEEGRASS\BUILD\VS\DEBUG\CTERRAINSHADER.OBJ
E:\DEV\LEEGRASS\BUILD\VS\DEBUG\CTEXT.OBJ
E:\DEV\LEEGRASS\BUILD\VS\DEBUG\CTEXTURE.OBJ
E:\DEV\LEEGRASS\BUILD\VS\DEBUG\CTIMER.OBJ
E:\DEV\LEEGRASS\BUILD\VS\DEBUG\CAPP.OBJ
E:\DEV\LEEGRASS\BUILD\VS\DEBUG\CCAMERA.OBJ
E:\DEV\LEEGRASS\BUILD\VS\DEBUG\CCANNASSEEPERLINNOISE.OBJ
E:\DEV\LEEGRASS\BUILD\VS\DEBUG\CCPU.OBJ
E:\DEV\LEEGRASS\BUILD\VS\DEBUG\CDIRECT3DSYSTEM.OBJ
E:\DEV\LEEGRASS\BUILD\VS\DEBUG\CFONT.OBJ
E:\DEV\LEEGRASS\BUILD\VS\DEBUG\CFONTSHADER.OBJ
E:\DEV\LEEGRASS\BUILD\VS\DEBUG\VC110.PDB
E:\DEV\LEEGRASS\BUILD\VS\DEBUG\CQUADTREE.OBJ
E:\DEV\LEEGRASS\BUILD\VS\DEBUG\CGRASSSHADER.OBJ
E:\DEV\LEEGRASS\BUILD\VS\DEBUG\CQUADTREESHADER.OBJ
E:\DEV\LEEGRASS\BUILD\VS\DEBUG\LEEGRASS.ILK
E:\DEV\LEEGRASS\BUILD\VS\DEBUG\LEEGRASS.EXE
E:\DEV\LEEGRASS\BUILD\VS\DEBUG\LEEGRASS.PDB
E:\dev\LeeGrass\build\vs\Debug\CApp.obj
E:\dev\LeeGrass\build\vs\Debug\CCamera.obj
E:\dev\LeeGrass\build\vs\Debug\CCannasseePerlinNoise.obj
E:\dev\LeeGrass\build\vs\Debug\CCPU.obj
E:\dev\LeeGrass\build\vs\Debug\CDirect3DSystem.obj
E:\dev\LeeGrass\build\vs\Debug\CFont.obj
E:\dev\LeeGrass\build\vs\Debug\CFontShader.obj
E:\dev\LeeGrass\build\vs\Debug\CFPS.obj
E:\dev\LeeGrass\build\vs\Debug\CFrustum.obj
E:\dev\LeeGrass\build\vs\Debug\CGrass.obj
E:\dev\LeeGrass\build\vs\Debug\CGrassShader.obj
E:\dev\LeeGrass\build\vs\Debug\CInput.obj
E:\dev\LeeGrass\build\vs\Debug\CLight.obj
E:\dev\LeeGrass\build\vs\Debug\COctTree.obj
E:\dev\LeeGrass\build\vs\Debug\CPerlinNoise.obj
E:\dev\LeeGrass\build\vs\Debug\CPosition.obj
E:\dev\LeeGrass\build\vs\Debug\CQuadTree.obj
E:\dev\LeeGrass\build\vs\Debug\CQuadTreeShader.obj
E:\dev\LeeGrass\build\vs\Debug\CSkydome.obj
E:\dev\LeeGrass\build\vs\Debug\CSkydomeShader.obj
E:\dev\LeeGrass\build\vs\Debug\CSkyplane.obj
E:\dev\LeeGrass\build\vs\Debug\CSkyplaneShader.obj
E:\dev\LeeGrass\build\vs\Debug\CSystem.obj
E:\dev\LeeGrass\build\vs\Debug\CTerrain.obj
E:\dev\LeeGrass\build\vs\Debug\CTerrainShader.obj
E:\dev\LeeGrass\build\vs\Debug\CText.obj
E:\dev\LeeGrass\build\vs\Debug\CTexture.obj
E:\dev\LeeGrass\build\vs\Debug\CTimer.obj
E:\dev\LeeGrass\build\vs\Debug\main.obj
E:\dev\LeeGrass\build\vs\Debug\LeeGrass.ilk
E:\dev\LeeGrass\build\vs\Debug\cl.command.1.tlog
E:\dev\LeeGrass\build\vs\Debug\CL.read.1.tlog
E:\dev\LeeGrass\build\vs\Debug\CL.write.1.tlog
E:\dev\LeeGrass\build\vs\Debug\link-cvtres.read.1.tlog
E:\dev\LeeGrass\build\vs\Debug\link-cvtres.write.1.tlog
E:\dev\LeeGrass\build\vs\Debug\link-rc.read.1.tlog
E:\dev\LeeGrass\build\vs\Debug\link-rc.write.1.tlog
E:\dev\LeeGrass\build\vs\Debug\link.10476-cvtres.read.1.tlog
E:\dev\LeeGrass\build\vs\Debug\link.10476-cvtres.write.1.tlog
E:\dev\LeeGrass\build\vs\Debug\link.10476-rc.read.1.tlog
E:\dev\LeeGrass\build\vs\Debug\link.10476-rc.write.1.tlog
E:\dev\LeeGrass\build\vs\Debug\link.10476.read.1.tlog
E:\dev\LeeGrass\build\vs\Debug\link.10476.write.1.tlog
E:\dev\LeeGrass\build\vs\Debug\link.10684-cvtres.read.1.tlog
E:\dev\LeeGrass\build\vs\Debug\link.10684-cvtres.write.1.tlog
E:\dev\LeeGrass\build\vs\Debug\link.10684-rc.read.1.tlog
E:\dev\LeeGrass\build\vs\Debug\link.10684-rc.write.1.tlog
E:\dev\LeeGrass\build\vs\Debug\link.10684.read.1.tlog
E:\dev\LeeGrass\build\vs\Debug\link.10684.write.1.tlog
E:\dev\LeeGrass\build\vs\Debug\link.11328-cvtres.read.1.tlog
E:\dev\LeeGrass\build\vs\Debug\link.11328-cvtres.write.1.tlog
E:\dev\LeeGrass\build\vs\Debug\link.11328-rc.read.1.tlog
E:\dev\LeeGrass\build\vs\Debug\link.11328-rc.write.1.tlog
E:\dev\LeeGrass\build\vs\Debug\link.11328.read.1.tlog
E:\dev\LeeGrass\build\vs\Debug\link.11328.write.1.tlog
E:\dev\LeeGrass\build\vs\Debug\link.12120-cvtres.read.1.tlog
E:\dev\LeeGrass\build\vs\Debug\link.12120-cvtres.write.1.tlog
E:\dev\LeeGrass\build\vs\Debug\link.12120-rc.read.1.tlog
E:\dev\LeeGrass\build\vs\Debug\link.12120-rc.write.1.tlog
E:\dev\LeeGrass\build\vs\Debug\link.12120.read.1.tlog
E:\dev\LeeGrass\build\vs\Debug\link.12120.write.1.tlog
E:\dev\LeeGrass\build\vs\Debug\link.132-cvtres.read.1.tlog
E:\dev\LeeGrass\build\vs\Debug\link.132-cvtres.write.1.tlog
E:\dev\LeeGrass\build\vs\Debug\link.132-rc.read.1.tlog
E:\dev\LeeGrass\build\vs\Debug\link.132-rc.write.1.tlog
E:\dev\LeeGrass\build\vs\Debug\link.132.read.1.tlog
E:\dev\LeeGrass\build\vs\Debug\link.132.write.1.tlog
E:\dev\LeeGrass\build\vs\Debug\link.1684-cvtres.read.1.tlog
E:\dev\LeeGrass\build\vs\Debug\link.1684-cvtres.write.1.tlog
E:\dev\LeeGrass\build\vs\Debug\link.1684-rc.read.1.tlog
E:\dev\LeeGrass\build\vs\Debug\link.1684-rc.write.1.tlog
E:\dev\LeeGrass\build\vs\Debug\link.1684.read.1.tlog
E:\dev\LeeGrass\build\vs\Debug\link.1684.write.1.tlog
E:\dev\LeeGrass\build\vs\Debug\link.2452-cvtres.read.1.tlog
E:\dev\LeeGrass\build\vs\Debug\link.2452-cvtres.write.1.tlog
E:\dev\LeeGrass\build\vs\Debug\link.2452-rc.read.1.tlog
E:\dev\LeeGrass\build\vs\Debug\link.2452-rc.write.1.tlog
E:\dev\LeeGrass\build\vs\Debug\link.2452.read.1.tlog
E:\dev\LeeGrass\build\vs\Debug\link.2452.write.1.tlog
E:\dev\LeeGrass\build\vs\Debug\link.3192-cvtres.read.1.tlog
E:\dev\LeeGrass\build\vs\Debug\link.3192-cvtres.write.1.tlog
E:\dev\LeeGrass\build\vs\Debug\link.3192-rc.read.1.tlog
E:\dev\LeeGrass\build\vs\Debug\link.3192-rc.write.1.tlog
E:\dev\LeeGrass\build\vs\Debug\link.3192.read.1.tlog
E:\dev\LeeGrass\build\vs\Debug\link.3192.write.1.tlog
E:\dev\LeeGrass\build\vs\Debug\link.3208-cvtres.read.1.tlog
E:\dev\LeeGrass\build\vs\Debug\link.3208-cvtres.write.1.tlog
E:\dev\LeeGrass\build\vs\Debug\link.3208-rc.read.1.tlog
E:\dev\LeeGrass\build\vs\Debug\link.3208-rc.write.1.tlog
E:\dev\LeeGrass\build\vs\Debug\link.3208.read.1.tlog
E:\dev\LeeGrass\build\vs\Debug\link.3208.write.1.tlog
E:\dev\LeeGrass\build\vs\Debug\link.3252-cvtres.read.1.tlog
E:\dev\LeeGrass\build\vs\Debug\link.3252-cvtres.write.1.tlog
E:\dev\LeeGrass\build\vs\Debug\link.3252-rc.read.1.tlog
E:\dev\LeeGrass\build\vs\Debug\link.3252-rc.write.1.tlog
E:\dev\LeeGrass\build\vs\Debug\link.3252.read.1.tlog
E:\dev\LeeGrass\build\vs\Debug\link.3252.write.1.tlog
E:\dev\LeeGrass\build\vs\Debug\link.3268-cvtres.read.1.tlog
E:\dev\LeeGrass\build\vs\Debug\link.3268-cvtres.write.1.tlog
E:\dev\LeeGrass\build\vs\Debug\link.3268-rc.read.1.tlog
E:\dev\LeeGrass\build\vs\Debug\link.3268-rc.write.1.tlog
E:\dev\LeeGrass\build\vs\Debug\link.3268.read.1.tlog
E:\dev\LeeGrass\build\vs\Debug\link.3268.write.1.tlog
E:\dev\LeeGrass\build\vs\Debug\link.3620-cvtres.read.1.tlog
E:\dev\LeeGrass\build\vs\Debug\link.3620-cvtres.write.1.tlog
E:\dev\LeeGrass\build\vs\Debug\link.3620-rc.read.1.tlog
E:\dev\LeeGrass\build\vs\Debug\link.3620-rc.write.1.tlog
E:\dev\LeeGrass\build\vs\Debug\link.3620.read.1.tlog
E:\dev\LeeGrass\build\vs\Debug\link.3620.write.1.tlog
E:\dev\LeeGrass\build\vs\Debug\link.3960-cvtres.read.1.tlog
E:\dev\LeeGrass\build\vs\Debug\link.3960-cvtres.write.1.tlog
E:\dev\LeeGrass\build\vs\Debug\link.3960-rc.read.1.tlog
E:\dev\LeeGrass\build\vs\Debug\link.3960-rc.write.1.tlog
E:\dev\LeeGrass\build\vs\Debug\link.3960.read.1.tlog
E:\dev\LeeGrass\build\vs\Debug\link.3960.write.1.tlog
E:\dev\LeeGrass\build\vs\Debug\link.4104-cvtres.read.1.tlog
E:\dev\LeeGrass\build\vs\Debug\link.4104-cvtres.write.1.tlog
E:\dev\LeeGrass\build\vs\Debug\link.4104-rc.read.1.tlog
E:\dev\LeeGrass\build\vs\Debug\link.4104-rc.write.1.tlog
E:\dev\LeeGrass\build\vs\Debug\link.4104.read.1.tlog
E:\dev\LeeGrass\build\vs\Debug\link.4104.write.1.tlog
E:\dev\LeeGrass\build\vs\Debug\link.4296-cvtres.read.1.tlog
E:\dev\LeeGrass\build\vs\Debug\link.4296-cvtres.write.1.tlog
E:\dev\LeeGrass\build\vs\Debug\link.4296-rc.read.1.tlog
E:\dev\LeeGrass\build\vs\Debug\link.4296-rc.write.1.tlog
E:\dev\LeeGrass\build\vs\Debug\link.4296.read.1.tlog
E:\dev\LeeGrass\build\vs\Debug\link.4296.write.1.tlog
E:\dev\LeeGrass\build\vs\Debug\link.4616-cvtres.read.1.tlog
E:\dev\LeeGrass\build\vs\Debug\link.4616-cvtres.write.1.tlog
E:\dev\LeeGrass\build\vs\Debug\link.4616-rc.read.1.tlog
E:\dev\LeeGrass\build\vs\Debug\link.4616-rc.write.1.tlog
E:\dev\LeeGrass\build\vs\Debug\link.4616.read.1.tlog
E:\dev\LeeGrass\build\vs\Debug\link.4616.write.1.tlog
E:\dev\LeeGrass\build\vs\Debug\link.4700-cvtres.read.1.tlog
E:\dev\LeeGrass\build\vs\Debug\link.4700-cvtres.write.1.tlog
E:\dev\LeeGrass\build\vs\Debug\link.4700-rc.read.1.tlog
E:\dev\LeeGrass\build\vs\Debug\link.4700-rc.write.1.tlog
E:\dev\LeeGrass\build\vs\Debug\link.4700.read.1.tlog
E:\dev\LeeGrass\build\vs\Debug\link.4700.write.1.tlog
E:\dev\LeeGrass\build\vs\Debug\link.5020-cvtres.read.1.tlog
E:\dev\LeeGrass\build\vs\Debug\link.5020-cvtres.write.1.tlog
E:\dev\LeeGrass\build\vs\Debug\link.5020-rc.read.1.tlog
E:\dev\LeeGrass\build\vs\Debug\link.5020-rc.write.1.tlog
E:\dev\LeeGrass\build\vs\Debug\link.5020.read.1.tlog
E:\dev\LeeGrass\build\vs\Debug\link.5020.write.1.tlog
E:\dev\LeeGrass\build\vs\Debug\link.5092-cvtres.read.1.tlog
E:\dev\LeeGrass\build\vs\Debug\link.5092-cvtres.write.1.tlog
E:\dev\LeeGrass\build\vs\Debug\link.5092-rc.read.1.tlog
E:\dev\LeeGrass\build\vs\Debug\link.5092-rc.write.1.tlog
E:\dev\LeeGrass\build\vs\Debug\link.5092.read.1.tlog
E:\dev\LeeGrass\build\vs\Debug\link.5092.write.1.tlog
E:\dev\LeeGrass\build\vs\Debug\link.5140-cvtres.read.1.tlog
E:\dev\LeeGrass\build\vs\Debug\link.5140-cvtres.write.1.tlog
E:\dev\LeeGrass\build\vs\Debug\link.5140-rc.read.1.tlog
E:\dev\LeeGrass\build\vs\Debug\link.5140-rc.write.1.tlog
E:\dev\LeeGrass\build\vs\Debug\link.5140.read.1.tlog
E:\dev\LeeGrass\build\vs\Debug\link.5140.write.1.tlog
E:\dev\LeeGrass\build\vs\Debug\link.5192-cvtres.read.1.tlog
E:\dev\LeeGrass\build\vs\Debug\link.5192-cvtres.write.1.tlog
E:\dev\LeeGrass\build\vs\Debug\link.5192-rc.read.1.tlog
E:\dev\LeeGrass\build\vs\Debug\link.5192-rc.write.1.tlog
E:\dev\LeeGrass\build\vs\Debug\link.5192.read.1.tlog
E:\dev\LeeGrass\build\vs\Debug\link.5192.write.1.tlog
E:\dev\LeeGrass\build\vs\Debug\link.5440-cvtres.read.1.tlog
E:\dev\LeeGrass\build\vs\Debug\link.5440-cvtres.write.1.tlog
E:\dev\LeeGrass\build\vs\Debug\link.5440-rc.read.1.tlog
E:\dev\LeeGrass\build\vs\Debug\link.5440-rc.write.1.tlog
E:\dev\LeeGrass\build\vs\Debug\link.5440.read.1.tlog
E:\dev\LeeGrass\build\vs\Debug\link.5440.write.1.tlog
E:\dev\LeeGrass\build\vs\Debug\link.5632-cvtres.read.1.tlog
E:\dev\LeeGrass\build\vs\Debug\link.5632-cvtres.write.1.tlog
E:\dev\LeeGrass\build\vs\Debug\link.5632-rc.read.1.tlog
E:\dev\LeeGrass\build\vs\Debug\link.5632-rc.write.1.tlog
E:\dev\LeeGrass\build\vs\Debug\link.5632.read.1.tlog
E:\dev\LeeGrass\build\vs\Debug\link.5632.write.1.tlog
E:\dev\LeeGrass\build\vs\Debug\link.5720-cvtres.read.1.tlog
E:\dev\LeeGrass\build\vs\Debug\link.5720-cvtres.write.1.tlog
E:\dev\LeeGrass\build\vs\Debug\link.5720-rc.read.1.tlog
E:\dev\LeeGrass\build\vs\Debug\link.5720-rc.write.1.tlog
E:\dev\LeeGrass\build\vs\Debug\link.5720.read.1.tlog
E:\dev\LeeGrass\build\vs\Debug\link.5720.write.1.tlog
E:\dev\LeeGrass\build\vs\Debug\link.5776-cvtres.read.1.tlog
E:\dev\LeeGrass\build\vs\Debug\link.5776-cvtres.write.1.tlog
E:\dev\LeeGrass\build\vs\Debug\link.5776-rc.read.1.tlog
E:\dev\LeeGrass\build\vs\Debug\link.5776-rc.write.1.tlog
E:\dev\LeeGrass\build\vs\Debug\link.5776.read.1.tlog
E:\dev\LeeGrass\build\vs\Debug\link.5776.write.1.tlog
E:\dev\LeeGrass\build\vs\Debug\link.596-cvtres.read.1.tlog
E:\dev\LeeGrass\build\vs\Debug\link.596-cvtres.write.1.tlog
E:\dev\LeeGrass\build\vs\Debug\link.596-rc.read.1.tlog
E:\dev\LeeGrass\build\vs\Debug\link.596-rc.write.1.tlog
E:\dev\LeeGrass\build\vs\Debug\link.596.read.1.tlog
E:\dev\LeeGrass\build\vs\Debug\link.596.write.1.tlog
E:\dev\LeeGrass\build\vs\Debug\link.6084-cvtres.read.1.tlog
E:\dev\LeeGrass\build\vs\Debug\link.6084-cvtres.write.1.tlog
E:\dev\LeeGrass\build\vs\Debug\link.6084-rc.read.1.tlog
E:\dev\LeeGrass\build\vs\Debug\link.6084-rc.write.1.tlog
E:\dev\LeeGrass\build\vs\Debug\link.6084.read.1.tlog
E:\dev\LeeGrass\build\vs\Debug\link.6084.write.1.tlog
E:\dev\LeeGrass\build\vs\Debug\link.6236-cvtres.read.1.tlog
E:\dev\LeeGrass\build\vs\Debug\link.6236-cvtres.write.1.tlog
E:\dev\LeeGrass\build\vs\Debug\link.6236-rc.read.1.tlog
E:\dev\LeeGrass\build\vs\Debug\link.6236-rc.write.1.tlog
E:\dev\LeeGrass\build\vs\Debug\link.6236.read.1.tlog
E:\dev\LeeGrass\build\vs\Debug\link.6236.write.1.tlog
E:\dev\LeeGrass\build\vs\Debug\link.6316-cvtres.read.1.tlog
E:\dev\LeeGrass\build\vs\Debug\link.6316-cvtres.write.1.tlog
E:\dev\LeeGrass\build\vs\Debug\link.6316-rc.read.1.tlog
E:\dev\LeeGrass\build\vs\Debug\link.6316-rc.write.1.tlog
E:\dev\LeeGrass\build\vs\Debug\link.6316.read.1.tlog
E:\dev\LeeGrass\build\vs\Debug\link.6316.write.1.tlog
E:\dev\LeeGrass\build\vs\Debug\link.6320-cvtres.read.1.tlog
E:\dev\LeeGrass\build\vs\Debug\link.6320-cvtres.write.1.tlog
E:\dev\LeeGrass\build\vs\Debug\link.6320-rc.read.1.tlog
E:\dev\LeeGrass\build\vs\Debug\link.6320-rc.write.1.tlog
E:\dev\LeeGrass\build\vs\Debug\link.6320.read.1.tlog
E:\dev\LeeGrass\build\vs\Debug\link.6320.write.1.tlog
E:\dev\LeeGrass\build\vs\Debug\link.6472-cvtres.read.1.tlog
E:\dev\LeeGrass\build\vs\Debug\link.6472-cvtres.write.1.tlog
E:\dev\LeeGrass\build\vs\Debug\link.6472-rc.read.1.tlog
E:\dev\LeeGrass\build\vs\Debug\link.6472-rc.write.1.tlog
E:\dev\LeeGrass\build\vs\Debug\link.6472.read.1.tlog
E:\dev\LeeGrass\build\vs\Debug\link.6472.write.1.tlog
E:\dev\LeeGrass\build\vs\Debug\link.6484-cvtres.read.1.tlog
E:\dev\LeeGrass\build\vs\Debug\link.6484-cvtres.write.1.tlog
E:\dev\LeeGrass\build\vs\Debug\link.6484-rc.read.1.tlog
E:\dev\LeeGrass\build\vs\Debug\link.6484-rc.write.1.tlog
E:\dev\LeeGrass\build\vs\Debug\link.6484.read.1.tlog
E:\dev\LeeGrass\build\vs\Debug\link.6484.write.1.tlog
E:\dev\LeeGrass\build\vs\Debug\link.6488-cvtres.read.1.tlog
E:\dev\LeeGrass\build\vs\Debug\link.6488-cvtres.write.1.tlog
E:\dev\LeeGrass\build\vs\Debug\link.6488-rc.read.1.tlog
E:\dev\LeeGrass\build\vs\Debug\link.6488-rc.write.1.tlog
E:\dev\LeeGrass\build\vs\Debug\link.6488.read.1.tlog
E:\dev\LeeGrass\build\vs\Debug\link.6488.write.1.tlog
E:\dev\LeeGrass\build\vs\Debug\link.6632-cvtres.read.1.tlog
E:\dev\LeeGrass\build\vs\Debug\link.6632-cvtres.write.1.tlog
E:\dev\LeeGrass\build\vs\Debug\link.6632-rc.read.1.tlog
E:\dev\LeeGrass\build\vs\Debug\link.6632-rc.write.1.tlog
E:\dev\LeeGrass\build\vs\Debug\link.6632.read.1.tlog
E:\dev\LeeGrass\build\vs\Debug\link.6632.write.1.tlog
E:\dev\LeeGrass\build\vs\Debug\link.6980-cvtres.read.1.tlog
E:\dev\LeeGrass\build\vs\Debug\link.6980-cvtres.write.1.tlog
E:\dev\LeeGrass\build\vs\Debug\link.6980-rc.read.1.tlog
E:\dev\LeeGrass\build\vs\Debug\link.6980-rc.write.1.tlog
E:\dev\LeeGrass\build\vs\Debug\link.6980.read.1.tlog
E:\dev\LeeGrass\build\vs\Debug\link.6980.write.1.tlog
E:\dev\LeeGrass\build\vs\Debug\link.7436-cvtres.read.1.tlog
E:\dev\LeeGrass\build\vs\Debug\link.7436-cvtres.write.1.tlog
E:\dev\LeeGrass\build\vs\Debug\link.7436-rc.read.1.tlog
E:\dev\LeeGrass\build\vs\Debug\link.7436-rc.write.1.tlog
E:\dev\LeeGrass\build\vs\Debug\link.7436.read.1.tlog
E:\dev\LeeGrass\build\vs\Debug\link.7436.write.1.tlog
E:\dev\LeeGrass\build\vs\Debug\link.7616-cvtres.read.1.tlog
E:\dev\LeeGrass\build\vs\Debug\link.7616-cvtres.write.1.tlog
E:\dev\LeeGrass\build\vs\Debug\link.7616-rc.read.1.tlog
E:\dev\LeeGrass\build\vs\Debug\link.7616-rc.write.1.tlog
E:\dev\LeeGrass\build\vs\Debug\link.7616.read.1.tlog
E:\dev\LeeGrass\build\vs\Debug\link.7616.write.1.tlog
E:\dev\LeeGrass\build\vs\Debug\link.7684-cvtres.read.1.tlog
E:\dev\LeeGrass\build\vs\Debug\link.7684-cvtres.write.1.tlog
E:\dev\LeeGrass\build\vs\Debug\link.7684-rc.read.1.tlog
E:\dev\LeeGrass\build\vs\Debug\link.7684-rc.write.1.tlog
E:\dev\LeeGrass\build\vs\Debug\link.7684.read.1.tlog
E:\dev\LeeGrass\build\vs\Debug\link.7684.write.1.tlog
E:\dev\LeeGrass\build\vs\Debug\link.7708-cvtres.read.1.tlog
E:\dev\LeeGrass\build\vs\Debug\link.7708-cvtres.write.1.tlog
E:\dev\LeeGrass\build\vs\Debug\link.7708-rc.read.1.tlog
E:\dev\LeeGrass\build\vs\Debug\link.7708-rc.write.1.tlog
E:\dev\LeeGrass\build\vs\Debug\link.7708.read.1.tlog
E:\dev\LeeGrass\build\vs\Debug\link.7708.write.1.tlog
E:\dev\LeeGrass\build\vs\Debug\link.7876-cvtres.read.1.tlog
E:\dev\LeeGrass\build\vs\Debug\link.7876-cvtres.write.1.tlog
E:\dev\LeeGrass\build\vs\Debug\link.7876-rc.read.1.tlog
E:\dev\LeeGrass\build\vs\Debug\link.7876-rc.write.1.tlog
E:\dev\LeeGrass\build\vs\Debug\link.7876.read.1.tlog
E:\dev\LeeGrass\build\vs\Debug\link.7876.write.1.tlog
E:\dev\LeeGrass\build\vs\Debug\link.7964-cvtres.read.1.tlog
E:\dev\LeeGrass\build\vs\Debug\link.7964-cvtres.write.1.tlog
E:\dev\LeeGrass\build\vs\Debug\link.7964-rc.read.1.tlog
E:\dev\LeeGrass\build\vs\Debug\link.7964-rc.write.1.tlog
E:\dev\LeeGrass\build\vs\Debug\link.7964.read.1.tlog
E:\dev\LeeGrass\build\vs\Debug\link.7964.write.1.tlog
E:\dev\LeeGrass\build\vs\Debug\link.8032-cvtres.read.1.tlog
E:\dev\LeeGrass\build\vs\Debug\link.8032-cvtres.write.1.tlog
E:\dev\LeeGrass\build\vs\Debug\link.8032-rc.read.1.tlog
E:\dev\LeeGrass\build\vs\Debug\link.8032-rc.write.1.tlog
E:\dev\LeeGrass\build\vs\Debug\link.8032.read.1.tlog
E:\dev\LeeGrass\build\vs\Debug\link.8032.write.1.tlog
E:\dev\LeeGrass\build\vs\Debug\link.8440-cvtres.read.1.tlog
E:\dev\LeeGrass\build\vs\Debug\link.8440-cvtres.write.1.tlog
E:\dev\LeeGrass\build\vs\Debug\link.8440-rc.read.1.tlog
E:\dev\LeeGrass\build\vs\Debug\link.8440-rc.write.1.tlog
E:\dev\LeeGrass\build\vs\Debug\link.8440.read.1.tlog
E:\dev\LeeGrass\build\vs\Debug\link.8440.write.1.tlog
E:\dev\LeeGrass\build\vs\Debug\link.8756-cvtres.read.1.tlog
E:\dev\LeeGrass\build\vs\Debug\link.8756-cvtres.write.1.tlog
E:\dev\LeeGrass\build\vs\Debug\link.8756-rc.read.1.tlog
E:\dev\LeeGrass\build\vs\Debug\link.8756-rc.write.1.tlog
E:\dev\LeeGrass\build\vs\Debug\link.8756.read.1.tlog
E:\dev\LeeGrass\build\vs\Debug\link.8756.write.1.tlog
E:\dev\LeeGrass\build\vs\Debug\link.8816-cvtres.read.1.tlog
E:\dev\LeeGrass\build\vs\Debug\link.8816-cvtres.write.1.tlog
E:\dev\LeeGrass\build\vs\Debug\link.8816-rc.read.1.tlog
E:\dev\LeeGrass\build\vs\Debug\link.8816-rc.write.1.tlog
E:\dev\LeeGrass\build\vs\Debug\link.8816.read.1.tlog
E:\dev\LeeGrass\build\vs\Debug\link.8816.write.1.tlog
E:\dev\LeeGrass\build\vs\Debug\link.8896-cvtres.read.1.tlog
E:\dev\LeeGrass\build\vs\Debug\link.8896-cvtres.write.1.tlog
E:\dev\LeeGrass\build\vs\Debug\link.8896-rc.read.1.tlog
E:\dev\LeeGrass\build\vs\Debug\link.8896-rc.write.1.tlog
E:\dev\LeeGrass\build\vs\Debug\link.8896.read.1.tlog
E:\dev\LeeGrass\build\vs\Debug\link.8896.write.1.tlog
E:\dev\LeeGrass\build\vs\Debug\link.9036-cvtres.read.1.tlog
E:\dev\LeeGrass\build\vs\Debug\link.9036-cvtres.write.1.tlog
E:\dev\LeeGrass\build\vs\Debug\link.9036-rc.read.1.tlog
E:\dev\LeeGrass\build\vs\Debug\link.9036-rc.write.1.tlog
E:\dev\LeeGrass\build\vs\Debug\link.9036.read.1.tlog
E:\dev\LeeGrass\build\vs\Debug\link.9036.write.1.tlog
E:\dev\LeeGrass\build\vs\Debug\link.9108-cvtres.read.1.tlog
E:\dev\LeeGrass\build\vs\Debug\link.9108-cvtres.write.1.tlog
E:\dev\LeeGrass\build\vs\Debug\link.9108-rc.read.1.tlog
E:\dev\LeeGrass\build\vs\Debug\link.9108-rc.write.1.tlog
E:\dev\LeeGrass\build\vs\Debug\link.9108.read.1.tlog
E:\dev\LeeGrass\build\vs\Debug\link.9108.write.1.tlog
E:\dev\LeeGrass\build\vs\Debug\link.command.1.tlog
E:\dev\LeeGrass\build\vs\Debug\link.read.1.tlog
E:\dev\LeeGrass\build\vs\Debug\link.write.1.tlog
E:\dev\LeeGrass\build\vs\Debug\vc110.idb
E:\dev\LeeGrass\build\vs\Debug\LeeGrass.pdb
E:\dev\LeeGrass\build\vs\Debug\vc110.pdb
E:\dev\LeeGrass\build\vs\Debug\LeeGrass.exe
