F:\DEV\TERSRC12\TERRAINTUTORIAL12\DEBUG\CAMERACLASS.OBJ
F:\DEV\TERSRC12\TERRAINTUTORIAL12\DEBUG\CPUCLASS.OBJ
F:\DEV\TERSRC12\TERRAINTUTORIAL12\DEBUG\D3DCLASS.OBJ
F:\DEV\TERSRC12\TERRAINTUTORIAL12\DEBUG\FONTCLASS.OBJ
F:\DEV\TERSRC12\TERRAINTUTORIAL12\DEBUG\FPSCLASS.OBJ
F:\DEV\TERSRC12\TERRAINTUTORIAL12\DEBUG\INPUTCLASS.OBJ
F:\DEV\TERSRC12\TERRAINTUTORIAL12\DEBUG\LIGHTCLASS.OBJ
F:\DEV\TERSRC12\TERRAINTUTORIAL12\DEBUG\MAIN.OBJ
F:\DEV\TERSRC12\TERRAINTUTORIAL12\DEBUG\POSITIONCLASS.OBJ
F:\DEV\TERSRC12\TERRAINTUTORIAL12\DEBUG\SKYDOMECLASS.OBJ
F:\DEV\TERSRC12\TERRAINTUTORIAL12\DEBUG\SKYPLANECLASS.OBJ
F:\DEV\TERSRC12\TERRAINTUTORIAL12\DEBUG\TERRAINCLASS.OBJ
F:\DEV\TERSRC12\TERRAINTUTORIAL12\DEBUG\TIMERCLASS.OBJ
F:\DEV\TERSRC12\TERRAINTUTORIAL12\DEBUG\VC100.PDB
F:\DEV\TERSRC12\TERRAINTUTORIAL12\DEBUG\APPLICATIONCLASS.OBJ
F:\DEV\TERSRC12\TERRAINTUTORIAL12\DEBUG\FONTSHADERCLASS.OBJ
F:\DEV\TERSRC12\TERRAINTUTORIAL12\DEBUG\SKYDOMESHADERCLASS.OBJ
F:\DEV\TERSRC12\TERRAINTUTORIAL12\DEBUG\SKYPLANESHADERCLASS.OBJ
F:\DEV\TERSRC12\TERRAINTUTORIAL12\DEBUG\SYSTEMCLASS.OBJ
F:\DEV\TERSRC12\TERRAINTUTORIAL12\DEBUG\TERRAINSHADERCLASS.OBJ
F:\DEV\TERSRC12\TERRAINTUTORIAL12\DEBUG\TEXTURECLASS.OBJ
F:\DEV\TERSRC12\TERRAINTUTORIAL12\DEBUG\TEXTCLASS.OBJ
F:\DEV\TERSRC12\TERRAINTUTORIAL12\DEBUG\PERLINNOISE.OBJ
F:\DEV\TERSRC12\TERRAINTUTORIAL12\DEBUG\CAMERA.OBJ
F:\DEV\TERSRC12\TERRAINTUTORIAL12\DEBUG\CANNASSEEPERLINNOISE.OBJ
F:\DEV\TERSRC12\TERRAINTUTORIAL12\DEBUG\CFRUSTUMCULL.OBJ
F:\DEV\TERSRC12\TERRAINTUTORIAL12\DEBUG\SKYDOMESHADER.OBJ
F:\DEV\TERSRC12\TERRAINTUTORIAL12\DEBUG\FRUSTUM.OBJ
F:\DEV\TERSRC12\TERRAINTUTORIAL12\DEBUG\QUADTREE.OBJ
F:\DEV\TERSRC12\TERRAINTUTORIAL12\DEBUG\SKYDOME.OBJ
E:\DEV\TERSRC12\TERRAINTUTORIAL12\DEBUG\FPSCLASS.OBJ
E:\DEV\TERSRC12\TERRAINTUTORIAL12\DEBUG\INPUTCLASS.OBJ
E:\DEV\TERSRC12\TERRAINTUTORIAL12\DEBUG\PERLINNOISE.OBJ
E:\DEV\TERSRC12\TERRAINTUTORIAL12\DEBUG\POSITIONCLASS.OBJ
E:\DEV\TERSRC12\TERRAINTUTORIAL12\DEBUG\TIMERCLASS.OBJ
E:\DEV\TERSRC12\TERRAINTUTORIAL12\DEBUG\CANNASSEEPERLINNOISE.OBJ
E:\DEV\TERSRC12\TERRAINTUTORIAL12\DEBUG\CPUCLASS.OBJ
E:\DEV\TERSRC12\TERRAINTUTORIAL12\DEBUG\FONTSHADERCLASS.OBJ
E:\DEV\TERSRC12\TERRAINTUTORIAL12\DEBUG\LIGHTCLASS.OBJ
E:\DEV\TERSRC12\TERRAINTUTORIAL12\DEBUG\MAIN.OBJ
E:\DEV\TERSRC12\TERRAINTUTORIAL12\DEBUG\SKYDOME.OBJ
E:\DEV\TERSRC12\TERRAINTUTORIAL12\DEBUG\SKYDOMESHADER.OBJ
E:\DEV\TERSRC12\TERRAINTUTORIAL12\DEBUG\SKYPLANECLASS.OBJ
E:\DEV\TERSRC12\TERRAINTUTORIAL12\DEBUG\SKYPLANESHADERCLASS.OBJ
E:\DEV\TERSRC12\TERRAINTUTORIAL12\DEBUG\SYSTEMCLASS.OBJ
E:\DEV\TERSRC12\TERRAINTUTORIAL12\DEBUG\TERRAINCLASS.OBJ
E:\DEV\TERSRC12\TERRAINTUTORIAL12\DEBUG\TERRAINSHADERCLASS.OBJ
E:\DEV\TERSRC12\TERRAINTUTORIAL12\DEBUG\TEXTCLASS.OBJ
E:\DEV\TERSRC12\TERRAINTUTORIAL12\DEBUG\TEXTURECLASS.OBJ
E:\DEV\TERSRC12\TERRAINTUTORIAL12\DEBUG\FRUSTUM.OBJ
E:\DEV\TERSRC12\TERRAINTUTORIAL12\DEBUG\QUADTREE.OBJ
E:\DEV\TERSRC12\TERRAINTUTORIAL12\DEBUG\APPLICATIONCLASS.OBJ
E:\DEV\TERSRC12\TERRAINTUTORIAL12\DEBUG\CAMERA.OBJ
E:\DEV\TERSRC12\TERRAINTUTORIAL12\DEBUG\D3DCLASS.OBJ
E:\DEV\TERSRC12\TERRAINTUTORIAL12\DEBUG\FONTCLASS.OBJ
E:\DEV\TERSRC12\TERRAINTUTORIAL12\DEBUG\VC110.PDB
F:\DEV\TERSRC12\TERRAINTUTORIAL12\DEBUG\TERRAINTUTORIAL12.ILK
F:\DEV\TERSRC12\TERRAINTUTORIAL12\DEBUG\TERRAINTUTORIAL12.EXE
F:\DEV\TERSRC12\TERRAINTUTORIAL12\DEBUG\TERRAINTUTORIAL12.EXE.INTERMEDIATE.MANIFEST
F:\DEV\TERSRC12\TERRAINTUTORIAL12\DEBUG\TERRAINTUTORIAL12.PDB
E:\dev\tersrc12\TerrainTutorial12\Debug\TerrainTutorial12.vcxprojResolveAssemblyReference.cache
E:\dev\tersrc12\TerrainTutorial12\Debug\applicationclass.obj
E:\dev\tersrc12\TerrainTutorial12\Debug\Camera.obj
E:\dev\tersrc12\TerrainTutorial12\Debug\cameraclass.obj
E:\dev\tersrc12\TerrainTutorial12\Debug\CannasseePerlinNoise.obj
E:\dev\tersrc12\TerrainTutorial12\Debug\CFrustumCull.obj
E:\dev\tersrc12\TerrainTutorial12\Debug\cpuclass.obj
E:\dev\tersrc12\TerrainTutorial12\Debug\d3dclass.obj
E:\dev\tersrc12\TerrainTutorial12\Debug\fontclass.obj
E:\dev\tersrc12\TerrainTutorial12\Debug\fontshaderclass.obj
E:\dev\tersrc12\TerrainTutorial12\Debug\fpsclass.obj
E:\dev\tersrc12\TerrainTutorial12\Debug\Frustum.obj
E:\dev\tersrc12\TerrainTutorial12\Debug\inputclass.obj
E:\dev\tersrc12\TerrainTutorial12\Debug\lightclass.obj
E:\dev\tersrc12\TerrainTutorial12\Debug\main.obj
E:\dev\tersrc12\TerrainTutorial12\Debug\PerlinNoise.obj
E:\dev\tersrc12\TerrainTutorial12\Debug\positionclass.obj
E:\dev\tersrc12\TerrainTutorial12\Debug\QuadTree.obj
E:\dev\tersrc12\TerrainTutorial12\Debug\Skydome.obj
E:\dev\tersrc12\TerrainTutorial12\Debug\skydomeclass.obj
E:\dev\tersrc12\TerrainTutorial12\Debug\SkydomeShader.obj
E:\dev\tersrc12\TerrainTutorial12\Debug\skydomeshaderclass.obj
E:\dev\tersrc12\TerrainTutorial12\Debug\skyplaneclass.obj
E:\dev\tersrc12\TerrainTutorial12\Debug\skyplaneshaderclass.obj
E:\dev\tersrc12\TerrainTutorial12\Debug\systemclass.obj
E:\dev\tersrc12\TerrainTutorial12\Debug\terrainclass.obj
E:\dev\tersrc12\TerrainTutorial12\Debug\terrainshaderclass.obj
E:\dev\tersrc12\TerrainTutorial12\Debug\textclass.obj
E:\dev\tersrc12\TerrainTutorial12\Debug\textureclass.obj
E:\dev\tersrc12\TerrainTutorial12\Debug\timerclass.obj
E:\dev\tersrc12\TerrainTutorial12\Debug\cl.command.1.tlog
E:\dev\tersrc12\TerrainTutorial12\Debug\CL.read.1.tlog
E:\dev\tersrc12\TerrainTutorial12\Debug\CL.write.1.tlog
E:\dev\tersrc12\TerrainTutorial12\Debug\link-cvtres.read.1.tlog
E:\dev\tersrc12\TerrainTutorial12\Debug\link-cvtres.write.1.tlog
E:\dev\tersrc12\TerrainTutorial12\Debug\link-rc.read.1.tlog
E:\dev\tersrc12\TerrainTutorial12\Debug\link-rc.write.1.tlog
E:\dev\tersrc12\TerrainTutorial12\Debug\link.command.1.tlog
E:\dev\tersrc12\TerrainTutorial12\Debug\link.read.1.tlog
E:\dev\tersrc12\TerrainTutorial12\Debug\link.write.1.tlog
E:\dev\tersrc12\TerrainTutorial12\Debug\mt.command.1.tlog
E:\dev\tersrc12\TerrainTutorial12\Debug\mt.read.1.tlog
E:\dev\tersrc12\TerrainTutorial12\Debug\mt.write.1.tlog
E:\dev\tersrc12\TerrainTutorial12\Debug\TerrainTutorial12.write.1.tlog
E:\dev\tersrc12\TerrainTutorial12\Debug\TerrainTutorial12.exe.intermediate.manifest
E:\dev\tersrc12\TerrainTutorial12\Debug\vc100.idb
E:\dev\tersrc12\TerrainTutorial12\Debug\vc110.idb
E:\dev\tersrc12\TerrainTutorial12\Debug\TerrainTutorial12.pdb
E:\dev\tersrc12\TerrainTutorial12\Debug\vc100.pdb
E:\dev\tersrc12\TerrainTutorial12\Debug\vc110.pdb
